#
# There is insufficient memory for the Java Runtime Environment to continue.
# Native memory allocation (malloc) failed to allocate 1048576 bytes for AllocateHeap
# Possible reasons:
#   The system is out of physical RAM or swap space
#   The process is running with CompressedOops enabled, and the Java Heap may be blocking the growth of the native heap
# Possible solutions:
#   Reduce memory load on the system
#   Increase physical memory or swap space
#   Check if swap backing store is full
#   Decrease Java heap size (-Xmx/-Xms)
#   Decrease number of Java threads
#   Decrease Java thread stack sizes (-Xss)
#   Set larger code cache with -XX:ReservedCodeCacheSize=
#   JVM is running with Unscaled Compressed Oops mode in which the Java heap is
#     placed in the first 4GB address space. The Java Heap base address is the
#     maximum limit for the native heap growth. Please use -XX:HeapBaseMinAddress
#     to set the Java Heap base and to place the Java Heap above 4GB virtual address.
# This output file may be truncated or incomplete.
#
#  Out of Memory Error (memory/allocation.inline.hpp:61), pid=18132, tid=0x0000000000003fe0
#
# JRE version:  (8.0_241-b07) (build )
# Java VM: Java HotSpot(TM) 64-Bit Server VM (25.241-b07 mixed mode windows-amd64 compressed oops)
# Failed to write core dump. Minidumps are not enabled by default on client versions of Windows
#

---------------  T H R E A D  ---------------

Current thread (0x0000000002fce800):  JavaThread "Unknown thread" [_thread_in_vm, id=16352, stack(0x0000000002fd0000,0x00000000030d0000)]

Stack: [0x0000000002fd0000,0x00000000030d0000]
[error occurred during error reporting (printing stack bounds), id 0xc0000005]

Native frames: (J=compiled Java code, j=interpreted, Vv=VM code, C=native code)


---------------  P R O C E S S  ---------------

Java Threads: ( => current thread )

Other Threads:

=>0x0000000002fce800 (exited) JavaThread "Unknown thread" [_thread_in_vm, id=16352, stack(0x0000000002fd0000,0x00000000030d0000)]

VM state:not at safepoint (normal execution)

VM Mutex/Monitor currently owned by a thread: None

heap address: 0x00000000c1e00000, size: 994 MB, Compressed Oops mode: 32-bit
Narrow klass base: 0x0000000000000000, Narrow klass shift: 3
Compressed class space size: 1073741824 Address: 0x0000000100000000

Heap:
 PSYoungGen      total 18944K, used 327K [0x00000000eb500000, 0x00000000eca00000, 0x0000000100000000)
  eden space 16384K, 2% used [0x00000000eb500000,0x00000000eb551ec8,0x00000000ec500000)
  from space 2560K, 0% used [0x00000000ec780000,0x00000000ec780000,0x00000000eca00000)
  to   space 2560K, 0% used [0x00000000ec500000,0x00000000ec500000,0x00000000ec780000)
 ParOldGen       total 44032K, used 0K [0x00000000c1e00000, 0x00000000c4900000, 0x00000000eb500000)
  object space 44032K, 0% used [0x00000000c1e00000,0x00000000c1e00000,0x00000000c4900000)
 Metaspace       used 752K, capacity 4480K, committed 4480K, reserved 1056768K
  class space    used 76K, capacity 384K, committed 384K, reserved 1048576K

Card table byte_map: [0x0000000012590000,0x0000000012790000] byte_map_base: 0x0000000011f81000

Marking Bits: (ParMarkBitMap*) 0x000000007574be30
 Begin Bits: [0x00000000130e0000, 0x0000000014068000)
 End Bits:   [0x0000000014068000, 0x0000000014ff0000)

Polling page: 0x0000000002ee0000

CodeCache: size=245760Kb used=328Kb max_used=328Kb free=245431Kb
 bounds [0x00000000031d0000, 0x0000000003440000, 0x00000000121d0000]
 total_blobs=58 nmethods=0 adapters=38
 compilation: enabled

Compilation events (0 events):
No events

GC Heap History (0 events):
No events

Deoptimization events (0 events):
No events

Classes redefined (0 events):
No events

Internal exceptions (0 events):
No events

Events (10 events):
Event: 0.024 loading class java/lang/Short
Event: 0.024 loading class java/lang/Short done
Event: 0.024 loading class java/lang/Integer
Event: 0.024 loading class java/lang/Integer done
Event: 0.024 loading class java/lang/Long
Event: 0.024 loading class java/lang/Long done
Event: 0.025 loading class java/lang/NullPointerException
Event: 0.025 loading class java/lang/NullPointerException done
Event: 0.025 loading class java/lang/ArithmeticException
Event: 0.025 loading class java/lang/ArithmeticException done


Dynamic libraries:
0x00007ff67cb70000 - 0x00007ff67cba7000 	C:\Program Files\Java\jre1.8.0_241\bin\javaw.exe
0x00007ffd60080000 - 0x00007ffd60270000 	C:\WINDOWS\SYSTEM32\ntdll.dll
0x00007ffd5fc80000 - 0x00007ffd5fd32000 	C:\WINDOWS\System32\KERNEL32.DLL
0x00007ffd5d030000 - 0x00007ffd5d2d4000 	C:\WINDOWS\System32\KERNELBASE.dll
0x00007ffd5fa60000 - 0x00007ffd5fb03000 	C:\WINDOWS\System32\ADVAPI32.dll
0x00007ffd5fe50000 - 0x00007ffd5feee000 	C:\WINDOWS\System32\msvcrt.dll
0x00007ffd5e9a0000 - 0x00007ffd5ea37000 	C:\WINDOWS\System32\sechost.dll
0x00007ffd5fef0000 - 0x00007ffd60010000 	C:\WINDOWS\System32\RPCRT4.dll
0x00007ffd5e200000 - 0x00007ffd5e394000 	C:\WINDOWS\System32\USER32.dll
0x00007ffd5d360000 - 0x00007ffd5d381000 	C:\WINDOWS\System32\win32u.dll
0x00007ffd5e410000 - 0x00007ffd5e436000 	C:\WINDOWS\System32\GDI32.dll
0x00007ffd5de40000 - 0x00007ffd5dfd4000 	C:\WINDOWS\System32\gdi32full.dll
0x00007ffd5dda0000 - 0x00007ffd5de3e000 	C:\WINDOWS\System32\msvcp_win.dll
0x00007ffd5dca0000 - 0x00007ffd5dd9a000 	C:\WINDOWS\System32\ucrtbase.dll
0x00007ffd4c370000 - 0x00007ffd4c5f4000 	C:\WINDOWS\WinSxS\amd64_microsoft.windows.common-controls_6595b64144ccf1df_6.0.18362.836_none_e6c4b943130f18ed\COMCTL32.dll
0x00007ffd5e440000 - 0x00007ffd5e776000 	C:\WINDOWS\System32\combase.dll
0x00007ffd5d2e0000 - 0x00007ffd5d360000 	C:\WINDOWS\System32\bcryptPrimitives.dll
0x00007ffd60010000 - 0x00007ffd6003e000 	C:\WINDOWS\System32\IMM32.DLL
0x00000000757d0000 - 0x00000000758a2000 	C:\Program Files\Java\jre1.8.0_241\bin\msvcr100.dll
0x0000000074f20000 - 0x00000000757cc000 	C:\Program Files\Java\jre1.8.0_241\bin\server\jvm.dll
0x00007ffd5e780000 - 0x00007ffd5e788000 	C:\WINDOWS\System32\PSAPI.DLL
0x00007ffd57da0000 - 0x00007ffd57daa000 	C:\WINDOWS\SYSTEM32\VERSION.dll
0x00007ffd4e450000 - 0x00007ffd4e459000 	C:\WINDOWS\SYSTEM32\WSOCK32.dll
0x00007ffd5e3a0000 - 0x00007ffd5e40f000 	C:\WINDOWS\System32\WS2_32.dll
0x00007ffd53990000 - 0x00007ffd539b4000 	C:\WINDOWS\SYSTEM32\WINMM.dll
0x00007ffd53740000 - 0x00007ffd5376d000 	C:\WINDOWS\SYSTEM32\WINMMBASE.dll
0x00007ffd5d420000 - 0x00007ffd5d46a000 	C:\WINDOWS\System32\cfgmgr32.dll
0x00007ffd58750000 - 0x00007ffd5875f000 	C:\Program Files\Java\jre1.8.0_241\bin\verify.dll
0x00007ffd3eea0000 - 0x00007ffd3eec9000 	C:\Program Files\Java\jre1.8.0_241\bin\java.dll
0x00007ffd58290000 - 0x00007ffd582a6000 	C:\Program Files\Java\jre1.8.0_241\bin\zip.dll

VM Arguments:
jvm_args: -Dfile.encoding=Cp1252 
java_command: startUp.StartUp
java_class_path (initial): D:\Cricachu\Java\SEFclone\SEF\SEF-master.zip_expanded\SEF-master\SEF Real Estate\bin;C:\Users\meeen\.p2\pool\plugins\org.junit.jupiter.api_5.4.0.v20190212-2109.jar;C:\Users\meeen\.p2\pool\plugins\org.junit.jupiter.engine_5.4.0.v20190212-2109.jar;C:\Users\meeen\.p2\pool\plugins\org.junit.jupiter.migrationsupport_5.4.0.v20190212-2109.jar;C:\Users\meeen\.p2\pool\plugins\org.junit.jupiter.params_5.4.0.v20190212-2109.jar;C:\Users\meeen\.p2\pool\plugins\org.junit.platform.commons_1.4.0.v20190212-2109.jar;C:\Users\meeen\.p2\pool\plugins\org.junit.platform.engine_1.4.0.v20190212-2109.jar;C:\Users\meeen\.p2\pool\plugins\org.junit.platform.launcher_1.4.0.v20190212-2109.jar;C:\Users\meeen\.p2\pool\plugins\org.junit.platform.runner_1.4.0.v20190212-2109.jar;C:\Users\meeen\.p2\pool\plugins\org.junit.platform.suite.api_1.4.0.v20190212-2109.jar;C:\Users\meeen\.p2\pool\plugins\org.junit.vintage.engine_5.4.0.v20190212-2109.jar;C:\Users\meeen\.p2\pool\plugins\org.opentest4j_1.1.1.v20190212-2109.jar;C:\Users\meeen\.p2\pool\plugins\org.apiguardian_1.0.0.v20190212-2109.jar;C:\Users\meeen\.p2\pool\plugins\org.junit_4.12.0.v201504281640\junit.jar;C:\Users\meeen\.p2\pool\plugins\org.hamcrest.core_1.3.0.v20180420-1519.jar
Launcher Type: SUN_STANDARD

Environment Variables:
JAVA_HOME=C:\Program Files\Java\jdk-11.0.7
PATH=C:/Program Files/Java/jdk-11.0.7/bin/server;C:/Program Files/Java/jdk-11.0.7/bin;C:\Program Files\Java\jdk-11.0.7\bin;C:\Program Files (x86)\Common Files\Oracle\Java\javapath;C:\ProgramData\Oracle\Java\javapath;C:\Program Files (x86)\Intel\iCLS Client\;C:\Program Files\Intel\iCLS Client\;C:\WINDOWS\system32;C:\WINDOWS;C:\WINDOWS\System32\Wbem;C:\WINDOWS\System32\WindowsPowerShell\v1.0\;C:\Program Files\Intel\WiFi\bin\;C:\Program Files\Common Files\Intel\WirelessCommon\;C:\Program Files (x86)\Intel\Intel(R) Management Engine Components\DAL;C:\Program Files\Intel\Intel(R) Management Engine Components\DAL;C:\Program Files (x86)\Intel\Intel(R) Management Engine Components\IPT;C:\Program Files\Intel\Intel(R) Management Engine Components\IPT;C:\WINDOWS\System32\OpenSSH\;C:\Program Files\nodejs\;C:\Program Files\Git\cmd;C:\Program Files\Git\mingw64\bin;C:\Program Files\Git\usr\bin;C:\Program Files\PuTTY\;C:\Program Files\Java\jdk1.8.0_221\bin;C:\Program Files\SourceGear\Common\DiffMerge\;C:\Users\meeen\AppData\Local\Microsoft\WindowsApps;C:\Users\meeen\AppData\Roaming\npm;;C:\Users\meeen\OneDrive\Desktop;
USERNAME=meeen
OS=Windows_NT
PROCESSOR_IDENTIFIER=Intel64 Family 6 Model 142 Stepping 10, GenuineIntel



---------------  S Y S T E M  ---------------

OS: Windows 10.0 , 64 bit Build 18362 (10.0.18362.778)

CPU:total 8 (initial active 8) (4 cores per cpu, 2 threads per core) family 6 model 142 stepping 10, cmov, cx8, fxsr, mmx, sse, sse2, sse3, ssse3, sse4.1, sse4.2, popcnt, avx, avx2, aes, clmul, erms, 3dnowpref, lzcnt, ht, tsc, tscinvbit, bmi1, bmi2, adx

Memory: 4k page, physical 4068580k(309468k free), swap 16651492k(5220k free)

vm_info: Java HotSpot(TM) 64-Bit Server VM (25.241-b07) for windows-amd64 JRE (1.8.0_241-b07), built on Dec 11 2019 10:21:40 by "rejava" with MS VC++ 10.0 (VS2010)

time: Sat May 16 21:11:54 2020
timezone: AUS Eastern Standard Time
elapsed time: 0 seconds (0d 0h 0m 0s)

